<?xml version="1.0" encoding="UTF-8"?>
<!-- Generated by org.testng.reporters.JUnitReportReporter -->
<testsuite skipped="0" hostname="DESKTOP-LEJU2FH" name="test3.test1" tests="2" failures="0" timestamp="10 Apr 2018 21:11:59 GMT" time="13.854" errors="0">
  <testcase name="login" time="8.882" classname="test3.test1"/>
  <testcase name="moredetails" time="4.972" classname="test3.test1"/>
</testsuite> <!-- test3.test1 -->
