<?xml version="1.0" encoding="UTF-8"?>
<!-- Generated by org.testng.reporters.JUnitReportReporter -->
<testsuite skipped="0" hostname="DESKTOP-LEJU2FH" name="test3.test1" tests="1" failures="0" timestamp="11 Apr 2018 21:53:14 GMT" time="12.951" errors="0">
  <testcase name="login" time="12.951" classname="test3.test1"/>
</testsuite> <!-- test3.test1 -->
