<?xml version="1.0" encoding="UTF-8"?>
<!-- Generated by org.testng.reporters.JUnitReportReporter -->
<testsuite skipped="0" hostname="DESKTOP-LEJU2FH" name="test3.testa" tests="1" failures="0" timestamp="10 Apr 2018 20:35:11 GMT" time="5.482" errors="0">
  <testcase name="add" time="5.482" classname="test3.testa"/>
</testsuite> <!-- test3.testa -->
